0 info it worked if it ends with ok
1 verbose cli [ '/usr/bin/nodejs', '/usr/bin/npm', 'run', 'dev' ]
2 info using npm@3.8.6
3 info using node@v5.11.1
4 verbose run-script [ 'predev', 'dev', 'postdev' ]
5 info lifecycle webpack-demo-practice@1.0.0~predev: webpack-demo-practice@1.0.0
6 silly lifecycle webpack-demo-practice@1.0.0~predev: no script for predev, continuing
7 info lifecycle webpack-demo-practice@1.0.0~dev: webpack-demo-practice@1.0.0
8 verbose lifecycle webpack-demo-practice@1.0.0~dev: unsafe-perm in lifecycle true
9 verbose lifecycle webpack-demo-practice@1.0.0~dev: PATH: /usr/lib/node_modules/npm/bin/node-gyp-bin:/home/rydertana/Documents/Practice/webpack-demo-practice/node_modules/.bin:/usr/bin:/home/rydertana/.rvm/gems/ruby-2.3.1/bin:/home/rydertana/.rvm/gems/ruby-2.3.1@global/bin:/home/rydertana/.rvm/rubies/ruby-2.3.1/bin:/usr/local/sbin:/usr/local/bin:/usr/sbin:/usr/bin:/sbin:/bin:/usr/games:/usr/local/games:/home/rydertana/.rvm/bin
10 verbose lifecycle webpack-demo-practice@1.0.0~dev: CWD: /home/rydertana/Documents/Practice/webpack-demo-practice
11 silly lifecycle webpack-demo-practice@1.0.0~dev: Args: [ '-c', 'webpack-dev-server' ]
12 silly lifecycle webpack-demo-practice@1.0.0~dev: Returned: code: 1  signal: null
13 info lifecycle webpack-demo-practice@1.0.0~dev: Failed to exec dev script
14 verbose stack Error: webpack-demo-practice@1.0.0 dev: `webpack-dev-server`
14 verbose stack Exit status 1
14 verbose stack     at EventEmitter.<anonymous> (/usr/lib/node_modules/npm/lib/utils/lifecycle.js:239:16)
14 verbose stack     at emitTwo (events.js:100:13)
14 verbose stack     at EventEmitter.emit (events.js:185:7)
14 verbose stack     at ChildProcess.<anonymous> (/usr/lib/node_modules/npm/lib/utils/spawn.js:24:14)
14 verbose stack     at emitTwo (events.js:100:13)
14 verbose stack     at ChildProcess.emit (events.js:185:7)
14 verbose stack     at maybeClose (internal/child_process.js:850:16)
14 verbose stack     at Process.ChildProcess._handle.onexit (internal/child_process.js:215:5)
15 verbose pkgid webpack-demo-practice@1.0.0
16 verbose cwd /home/rydertana/Documents/Practice/webpack-demo-practice
17 error Linux 3.18.0-ctx.patch
18 error argv "/usr/bin/nodejs" "/usr/bin/npm" "run" "dev"
19 error node v5.11.1
20 error npm  v3.8.6
21 error code ELIFECYCLE
22 error webpack-demo-practice@1.0.0 dev: `webpack-dev-server`
22 error Exit status 1
23 error Failed at the webpack-demo-practice@1.0.0 dev script 'webpack-dev-server'.
23 error Make sure you have the latest version of node.js and npm installed.
23 error If you do, this is most likely a problem with the webpack-demo-practice package,
23 error not with npm itself.
23 error Tell the author that this fails on your system:
23 error     webpack-dev-server
23 error You can get information on how to open an issue for this project with:
23 error     npm bugs webpack-demo-practice
23 error Or if that isn't available, you can get their info via:
23 error     npm owner ls webpack-demo-practice
23 error There is likely additional logging output above.
24 verbose exit [ 1, true ]
